build/app/intermediates/manifest_merge_blame_file/release/manifest-merger-blame-release-report.txt
1<?xml version="1.0" encoding="utf-8"?>
2<manifest xmlns:android="http://schemas.android.com/apk/res/android"
3    package="com.teletype.truckchat"
4    android:versionCode="72"
5    android:versionName="10.0.0" >
6
7    <uses-sdk
8        android:minSdkVersion="21"
8-->src/main/AndroidManifest.xml
9        android:targetSdkVersion="33" />
9-->src/main/AndroidManifest.xml
10
11    <uses-permission android:name="android.permission.INTERNET" />
11-->src/main/AndroidManifest.xml:3:1-63
11-->src/main/AndroidManifest.xml:3:18-60
12    <uses-permission android:name="android.permission.VIBRATE" />
12-->src/main/AndroidManifest.xml:4:1-62
12-->src/main/AndroidManifest.xml:4:18-59
13    <uses-permission android:name="android.permission.FOREGROUND_SERVICE" />
13-->src/main/AndroidManifest.xml:5:1-73
13-->src/main/AndroidManifest.xml:5:18-70
14    <uses-permission android:name="android.permission.RECORD_AUDIO" />
14-->src/main/AndroidManifest.xml:6:5-71
14-->src/main/AndroidManifest.xml:6:22-68
15    <uses-permission android:name="android.permission.CAMERA" />
15-->src/main/AndroidManifest.xml:7:1-61
15-->src/main/AndroidManifest.xml:7:18-58
16    <uses-permission android:name="android.permission.WRITE_EXTERNAL_STORAGE" />
16-->src/main/AndroidManifest.xml:8:1-77
16-->src/main/AndroidManifest.xml:8:18-74
17    <uses-permission android:name="android.permission.READ_EXTERNAL_STORAGE" />
17-->src/main/AndroidManifest.xml:9:1-76
17-->src/main/AndroidManifest.xml:9:18-73
18    <uses-permission android:name="android.permission.ACCESS_COARSE_LOCATION" />
18-->src/main/AndroidManifest.xml:10:1-77
18-->src/main/AndroidManifest.xml:10:18-74
19    <uses-permission android:name="android.permission.WAKE_LOCK" />
19-->[:firebase_messaging] AndroidManifest.xml:10:5-68
19-->[:firebase_messaging] AndroidManifest.xml:10:22-65
20    <uses-permission android:name="android.permission.ACCESS_NETWORK_STATE" /> <!-- Permissions options for the `notification` group -->
20-->[:firebase_messaging] AndroidManifest.xml:11:5-79
20-->[:firebase_messaging] AndroidManifest.xml:11:22-76
21    <uses-permission android:name="android.permission.POST_NOTIFICATIONS" />
21-->[:firebase_messaging] AndroidManifest.xml:13:5-77
21-->[:firebase_messaging] AndroidManifest.xml:13:22-74
22    <uses-permission android:name="android.permission.BLUETOOTH_CONNECT" />
22-->[:speech_to_text] AndroidManifest.xml:9:5-76
22-->[:speech_to_text] AndroidManifest.xml:9:22-73
23    <uses-permission android:name="android.permission.RECEIVE_BOOT_COMPLETED" />
23-->[:flutter_local_notifications] AndroidManifest.xml:9:5-81
23-->[:flutter_local_notifications] AndroidManifest.xml:9:22-78
24    <uses-permission android:name="android.permission.USE_FULL_SCREEN_INTENT" />
24-->[:flutter_local_notifications] AndroidManifest.xml:11:5-81
24-->[:flutter_local_notifications] AndroidManifest.xml:11:22-78
25    <uses-permission android:name="android.permission.SCHEDULE_EXACT_ALARM" /> <!-- Required by older versions of Google Play services to create IID tokens -->
25-->[:flutter_local_notifications] AndroidManifest.xml:12:5-79
25-->[:flutter_local_notifications] AndroidManifest.xml:12:22-76
26    <uses-permission android:name="com.google.android.c2dm.permission.RECEIVE" />
26-->[com.google.firebase:firebase-iid:21.1.0] AndroidManifest.xml:26:5-82
26-->[com.google.firebase:firebase-iid:21.1.0] AndroidManifest.xml:26:22-79
27    <uses-permission android:name="com.google.android.gms.permission.AD_ID" /> <!-- Android package visibility setting -->
27-->[com.google.android.gms:play-services-measurement-api:21.3.0] AndroidManifest.xml:25:5-79
27-->[com.google.android.gms:play-services-measurement-api:21.3.0] AndroidManifest.xml:25:22-76
28    <queries>
28-->[com.google.android.gms:play-services-ads-lite:22.0.0] AndroidManifest.xml:32:5-48:15
29
30        <!-- For browser content -->
31        <intent>
31-->[com.google.android.gms:play-services-ads-lite:22.0.0] AndroidManifest.xml:35:9-41:18
32            <action android:name="android.intent.action.VIEW" />
32-->[com.google.firebase:firebase-auth:22.1.1] AndroidManifest.xml:36:17-69
32-->[com.google.firebase:firebase-auth:22.1.1] AndroidManifest.xml:36:25-66
33
34            <category android:name="android.intent.category.BROWSABLE" />
34-->[com.google.firebase:firebase-auth:22.1.1] AndroidManifest.xml:39:17-78
34-->[com.google.firebase:firebase-auth:22.1.1] AndroidManifest.xml:39:27-75
35
36            <data android:scheme="https" />
36-->[com.google.firebase:firebase-auth:22.1.1] AndroidManifest.xml:41:17-44:51
36-->[com.google.firebase:firebase-auth:22.1.1] AndroidManifest.xml:44:21-48
37        </intent>
38        <!-- End of browser content -->
39        <!-- For CustomTabsService -->
40        <intent>
40-->[com.google.android.gms:play-services-ads-lite:22.0.0] AndroidManifest.xml:44:9-46:18
41            <action android:name="android.support.customtabs.action.CustomTabsService" />
41-->[com.google.android.gms:play-services-ads-lite:22.0.0] AndroidManifest.xml:45:13-90
41-->[com.google.android.gms:play-services-ads-lite:22.0.0] AndroidManifest.xml:45:21-87
42        </intent>
43        <!-- End of CustomTabsService -->
44    </queries>
45
46    <uses-permission android:name="com.google.android.finsky.permission.BIND_GET_INSTALL_REFERRER_SERVICE" />
46-->[com.google.android.gms:play-services-measurement:21.3.0] AndroidManifest.xml:26:5-110
46-->[com.google.android.gms:play-services-measurement:21.3.0] AndroidManifest.xml:26:22-107
47
48    <permission
48-->[androidx.core:core:1.10.1] AndroidManifest.xml:22:5-24:47
49        android:name="com.teletype.truckchat.DYNAMIC_RECEIVER_NOT_EXPORTED_PERMISSION"
49-->[androidx.core:core:1.10.1] AndroidManifest.xml:23:9-81
50        android:protectionLevel="signature" />
50-->[androidx.core:core:1.10.1] AndroidManifest.xml:24:9-44
51
52    <uses-permission android:name="com.teletype.truckchat.DYNAMIC_RECEIVER_NOT_EXPORTED_PERMISSION" />
52-->[androidx.core:core:1.10.1] AndroidManifest.xml:26:5-97
52-->[androidx.core:core:1.10.1] AndroidManifest.xml:26:22-94
53    <!--
54 <uses-permission android:name="android.permission.BLUETOOTH" />
55    <uses-permission android:name="android.permission.BLUETOOTH_ADMIN" />
56    <uses-permission android:name="android.permission.BLUETOOTH_CONNECT" />
57    -->
58    <application
59        android:name="android.app.Application"
59-->src/main/AndroidManifest.xml:17:9-42
60        android:appComponentFactory="androidx.core.app.CoreComponentFactory"
60-->[androidx.core:core:1.10.1] AndroidManifest.xml:28:18-86
61        android:icon="@mipmap/ic_launcher"
61-->src/main/AndroidManifest.xml:21:9-43
62        android:label="Truck Chat"
62-->src/main/AndroidManifest.xml:16:9-35
63        android:requestLegacyExternalStorage="true"
63-->src/main/AndroidManifest.xml:19:11-54
64        android:usesCleartextTraffic="true" >
64-->src/main/AndroidManifest.xml:18:9-44
65        <activity
65-->src/main/AndroidManifest.xml:22:9-46:20
66            android:name="com.teletype.truckchat.MainActivity"
66-->src/main/AndroidManifest.xml:23:13-41
67            android:configChanges="orientation|keyboardHidden|keyboard|screenSize|smallestScreenSize|locale|layoutDirection|fontScale|screenLayout|density|uiMode"
67-->src/main/AndroidManifest.xml:27:13-163
68            android:exported="true"
68-->src/main/AndroidManifest.xml:24:13-36
69            android:hardwareAccelerated="true"
69-->src/main/AndroidManifest.xml:28:13-47
70            android:launchMode="singleTop"
70-->src/main/AndroidManifest.xml:25:13-43
71            android:theme="@style/LaunchTheme"
71-->src/main/AndroidManifest.xml:26:13-47
72            android:windowSoftInputMode="adjustResize" >
72-->src/main/AndroidManifest.xml:29:13-55
73
74            <!--
75                 Specifies an Android theme to apply to this Activity as soon as
76                 the Android process has started. This theme is visible to the user
77                 while the Flutter UI initializes. After that, this theme continues
78                 to determine the Window background behind the Flutter UI.
79            -->
80            <meta-data
80-->src/main/AndroidManifest.xml:34:13-37:17
81                android:name="io.flutter.embedding.android.NormalTheme"
81-->src/main/AndroidManifest.xml:35:15-70
82                android:resource="@style/NormalTheme" />
82-->src/main/AndroidManifest.xml:36:15-52
83
84            <intent-filter>
84-->src/main/AndroidManifest.xml:38:13-41:29
85                <action android:name="android.intent.action.MAIN" />
85-->src/main/AndroidManifest.xml:39:17-68
85-->src/main/AndroidManifest.xml:39:25-66
86
87                <category android:name="android.intent.category.LAUNCHER" />
87-->src/main/AndroidManifest.xml:40:17-76
87-->src/main/AndroidManifest.xml:40:27-74
88            </intent-filter>
89            <intent-filter>
89-->src/main/AndroidManifest.xml:42:16-45:29
90                <action android:name="FLUTTER_NOTIFICATION_CLICK" />
90-->src/main/AndroidManifest.xml:43:17-69
90-->src/main/AndroidManifest.xml:43:25-66
91
92                <category android:name="android.intent.category.DEFAULT" />
92-->src/main/AndroidManifest.xml:44:17-76
92-->src/main/AndroidManifest.xml:44:27-73
93            </intent-filter>
94        </activity>
95        <!--
96            <meta-data
97           android:name="com.dexterous.flutterlocalnotifications.smallIcon"
98           android:resource="@drawable/app_icon_foreground" />
99        -->
100        <meta-data
100-->src/main/AndroidManifest.xml:50:12-52:46
101            android:name="com.google.firebase.messaging.default_notification_icon"
101-->src/main/AndroidManifest.xml:51:5-75
102            android:resource="@mipmap/ic_launcher" />
102-->src/main/AndroidManifest.xml:52:5-43
103
104        <!--
105             Don't delete the meta-data below.
106             This is used by the Flutter tool to generate GeneratedPluginRegistrant.java
107        -->
108        <meta-data
108-->src/main/AndroidManifest.xml:56:9-58:33
109            android:name="flutterEmbedding"
109-->src/main/AndroidManifest.xml:57:13-44
110            android:value="2" />
110-->src/main/AndroidManifest.xml:58:13-30
111        <meta-data
111-->src/main/AndroidManifest.xml:60:14-62:63
112            android:name="com.google.android.gms.ads.APPLICATION_ID"
112-->src/main/AndroidManifest.xml:61:7-63
113            android:value="ca-app-pub-7181343877669077~4700650074" />
113-->src/main/AndroidManifest.xml:62:7-61
114        <meta-data
114-->src/main/AndroidManifest.xml:63:1-65:45
115            android:name="com.google.firebase.messaging.default_notification_channel_id"
115-->src/main/AndroidManifest.xml:64:3-79
116            android:value="tone_and_vibrate_channel" />
116-->src/main/AndroidManifest.xml:65:3-43
117
118        <!-- ca-app-pub-7181343877669077~4700650074 -->
119        <!-- ca-app-pub-3940256099942544~3347511713 -->
120
121
122        <!-- ca-app-pub-7181343877669077~7476370948 -->
123
124
125        <!-- working app id ca-app-pub-7181343877669077~1517092948 -->
126
127        <service
127-->[:firebase_database] AndroidManifest.xml:10:9-14:19
128            android:name="com.google.firebase.components.ComponentDiscoveryService"
128-->[:firebase_database] AndroidManifest.xml:10:18-89
129            android:directBootAware="true"
129-->[com.google.firebase:firebase-common:20.3.3] AndroidManifest.xml:34:13-43
130            android:exported="false" >
130-->[com.google.firebase:firebase-analytics-ktx:21.3.0] AndroidManifest.xml:10:13-37
131            <meta-data
131-->[:firebase_database] AndroidManifest.xml:11:13-13:85
132                android:name="com.google.firebase.components:io.flutter.plugins.firebase.database.FlutterFirebaseAppRegistrar"
132-->[:firebase_database] AndroidManifest.xml:12:17-127
133                android:value="com.google.firebase.components.ComponentRegistrar" />
133-->[:firebase_database] AndroidManifest.xml:13:17-82
134            <meta-data
134-->[:cloud_firestore] AndroidManifest.xml:11:13-13:85
135                android:name="com.google.firebase.components:io.flutter.plugins.firebase.firestore.FlutterFirebaseFirestoreRegistrar"
135-->[:cloud_firestore] AndroidManifest.xml:12:17-134
136                android:value="com.google.firebase.components.ComponentRegistrar" />
136-->[:cloud_firestore] AndroidManifest.xml:13:17-82
137            <meta-data
137-->[:firebase_auth] AndroidManifest.xml:11:13-13:85
138                android:name="com.google.firebase.components:io.flutter.plugins.firebase.auth.FlutterFirebaseAuthRegistrar"
138-->[:firebase_auth] AndroidManifest.xml:12:17-124
139                android:value="com.google.firebase.components.ComponentRegistrar" />
139-->[:firebase_auth] AndroidManifest.xml:13:17-82
140            <meta-data
140-->[:firebase_storage] AndroidManifest.xml:11:13-13:85
141                android:name="com.google.firebase.components:io.flutter.plugins.firebase.storage.FlutterFirebaseAppRegistrar"
141-->[:firebase_storage] AndroidManifest.xml:12:17-126
142                android:value="com.google.firebase.components.ComponentRegistrar" />
142-->[:firebase_storage] AndroidManifest.xml:13:17-82
143            <meta-data
143-->[:firebase_messaging] AndroidManifest.xml:38:13-40:85
144                android:name="com.google.firebase.components:io.flutter.plugins.firebase.messaging.FlutterFirebaseAppRegistrar"
144-->[:firebase_messaging] AndroidManifest.xml:39:17-128
145                android:value="com.google.firebase.components.ComponentRegistrar" />
145-->[:firebase_messaging] AndroidManifest.xml:40:17-82
146            <meta-data
146-->[:firebase_core] AndroidManifest.xml:11:13-13:85
147                android:name="com.google.firebase.components:io.flutter.plugins.firebase.core.FlutterFirebaseCoreRegistrar"
147-->[:firebase_core] AndroidManifest.xml:12:17-124
148                android:value="com.google.firebase.components.ComponentRegistrar" />
148-->[:firebase_core] AndroidManifest.xml:13:17-82
149            <meta-data
149-->[com.google.firebase:firebase-analytics-ktx:21.3.0] AndroidManifest.xml:11:13-13:85
150                android:name="com.google.firebase.components:com.google.firebase.analytics.ktx.FirebaseAnalyticsKtxRegistrar"
150-->[com.google.firebase:firebase-analytics-ktx:21.3.0] AndroidManifest.xml:12:17-126
151                android:value="com.google.firebase.components.ComponentRegistrar" />
151-->[com.google.firebase:firebase-analytics-ktx:21.3.0] AndroidManifest.xml:13:17-82
152            <meta-data
152-->[com.google.firebase:firebase-common-ktx:20.3.3] AndroidManifest.xml:14:13-16:85
153                android:name="com.google.firebase.components:com.google.firebase.ktx.FirebaseCommonKtxRegistrar"
153-->[com.google.firebase:firebase-common-ktx:20.3.3] AndroidManifest.xml:15:17-113
154                android:value="com.google.firebase.components.ComponentRegistrar" />
154-->[com.google.firebase:firebase-common-ktx:20.3.3] AndroidManifest.xml:16:17-82
155            <meta-data
155-->[com.google.firebase:firebase-auth:22.1.1] AndroidManifest.xml:69:13-71:85
156                android:name="com.google.firebase.components:com.google.firebase.auth.FirebaseAuthRegistrar"
156-->[com.google.firebase:firebase-auth:22.1.1] AndroidManifest.xml:70:17-109
157                android:value="com.google.firebase.components.ComponentRegistrar" />
157-->[com.google.firebase:firebase-auth:22.1.1] AndroidManifest.xml:71:17-82
158            <meta-data
158-->[com.google.firebase:firebase-database:20.2.2] AndroidManifest.xml:31:13-33:85
159                android:name="com.google.firebase.components:com.google.firebase.database.DatabaseRegistrar"
159-->[com.google.firebase:firebase-database:20.2.2] AndroidManifest.xml:32:17-109
160                android:value="com.google.firebase.components.ComponentRegistrar" />
160-->[com.google.firebase:firebase-database:20.2.2] AndroidManifest.xml:33:17-82
161            <meta-data
161-->[com.google.firebase:firebase-firestore:24.7.1] AndroidManifest.xml:17:13-19:85
162                android:name="com.google.firebase.components:com.google.firebase.firestore.FirestoreRegistrar"
162-->[com.google.firebase:firebase-firestore:24.7.1] AndroidManifest.xml:18:17-111
163                android:value="com.google.firebase.components.ComponentRegistrar" />
163-->[com.google.firebase:firebase-firestore:24.7.1] AndroidManifest.xml:19:17-82
164            <meta-data
164-->[com.google.firebase:firebase-storage:20.2.1] AndroidManifest.xml:32:13-34:85
165                android:name="com.google.firebase.components:com.google.firebase.storage.StorageRegistrar"
165-->[com.google.firebase:firebase-storage:20.2.1] AndroidManifest.xml:33:17-107
166                android:value="com.google.firebase.components.ComponentRegistrar" />
166-->[com.google.firebase:firebase-storage:20.2.1] AndroidManifest.xml:34:17-82
167            <meta-data
167-->[com.google.firebase:firebase-iid:21.1.0] AndroidManifest.xml:32:13-34:85
168                android:name="com.google.firebase.components:com.google.firebase.iid.Registrar"
168-->[com.google.firebase:firebase-iid:21.1.0] AndroidManifest.xml:33:17-96
169                android:value="com.google.firebase.components.ComponentRegistrar" />
169-->[com.google.firebase:firebase-iid:21.1.0] AndroidManifest.xml:34:17-82
170            <meta-data
170-->[com.google.firebase:firebase-messaging:23.2.1] AndroidManifest.xml:53:13-55:85
171                android:name="com.google.firebase.components:com.google.firebase.messaging.FirebaseMessagingRegistrar"
171-->[com.google.firebase:firebase-messaging:23.2.1] AndroidManifest.xml:54:17-119
172                android:value="com.google.firebase.components.ComponentRegistrar" />
172-->[com.google.firebase:firebase-messaging:23.2.1] AndroidManifest.xml:55:17-82
173            <meta-data
173-->[com.google.android.gms:play-services-measurement-api:21.3.0] AndroidManifest.xml:31:13-33:85
174                android:name="com.google.firebase.components:com.google.firebase.analytics.connector.internal.AnalyticsConnectorRegistrar"
174-->[com.google.android.gms:play-services-measurement-api:21.3.0] AndroidManifest.xml:32:17-139
175                android:value="com.google.firebase.components.ComponentRegistrar" />
175-->[com.google.android.gms:play-services-measurement-api:21.3.0] AndroidManifest.xml:33:17-82
176            <meta-data
176-->[com.google.firebase:firebase-installations:17.1.4] AndroidManifest.xml:15:13-17:85
177                android:name="com.google.firebase.components:com.google.firebase.installations.FirebaseInstallationsRegistrar"
177-->[com.google.firebase:firebase-installations:17.1.4] AndroidManifest.xml:16:17-127
178                android:value="com.google.firebase.components.ComponentRegistrar" />
178-->[com.google.firebase:firebase-installations:17.1.4] AndroidManifest.xml:17:17-82
179            <meta-data
179-->[com.google.firebase:firebase-datatransport:18.1.7] AndroidManifest.xml:27:13-29:85
180                android:name="com.google.firebase.components:com.google.firebase.datatransport.TransportRegistrar"
180-->[com.google.firebase:firebase-datatransport:18.1.7] AndroidManifest.xml:28:17-115
181                android:value="com.google.firebase.components.ComponentRegistrar" />
181-->[com.google.firebase:firebase-datatransport:18.1.7] AndroidManifest.xml:29:17-82
182        </service>
183        <service
183-->[:firebase_messaging] AndroidManifest.xml:16:9-19:72
184            android:name="io.flutter.plugins.firebase.messaging.FlutterFirebaseMessagingBackgroundService"
184-->[:firebase_messaging] AndroidManifest.xml:17:13-107
185            android:exported="false"
185-->[:firebase_messaging] AndroidManifest.xml:18:13-37
186            android:permission="android.permission.BIND_JOB_SERVICE" />
186-->[:firebase_messaging] AndroidManifest.xml:19:13-69
187        <service
187-->[:firebase_messaging] AndroidManifest.xml:20:9-26:19
188            android:name="io.flutter.plugins.firebase.messaging.FlutterFirebaseMessagingService"
188-->[:firebase_messaging] AndroidManifest.xml:21:13-97
189            android:exported="false" >
189-->[:firebase_messaging] AndroidManifest.xml:22:13-37
190            <intent-filter>
190-->[:firebase_messaging] AndroidManifest.xml:23:13-25:29
191                <action android:name="com.google.firebase.MESSAGING_EVENT" />
191-->[:firebase_messaging] AndroidManifest.xml:24:17-78
191-->[:firebase_messaging] AndroidManifest.xml:24:25-75
192            </intent-filter>
193        </service>
194
195        <receiver
195-->[:firebase_messaging] AndroidManifest.xml:28:9-35:20
196            android:name="io.flutter.plugins.firebase.messaging.FlutterFirebaseMessagingReceiver"
196-->[:firebase_messaging] AndroidManifest.xml:29:13-98
197            android:exported="true"
197-->[:firebase_messaging] AndroidManifest.xml:30:13-36
198            android:permission="com.google.android.c2dm.permission.SEND" >
198-->[:firebase_messaging] AndroidManifest.xml:31:13-73
199            <intent-filter>
199-->[:firebase_messaging] AndroidManifest.xml:32:13-34:29
200                <action android:name="com.google.android.c2dm.intent.RECEIVE" />
200-->[:firebase_messaging] AndroidManifest.xml:33:17-81
200-->[:firebase_messaging] AndroidManifest.xml:33:25-78
201            </intent-filter>
202        </receiver>
203
204        <provider
204-->[:firebase_messaging] AndroidManifest.xml:43:9-47:38
205            android:name="io.flutter.plugins.firebase.messaging.FlutterFirebaseMessagingInitProvider"
205-->[:firebase_messaging] AndroidManifest.xml:44:13-102
206            android:authorities="com.teletype.truckchat.flutterfirebasemessaginginitprovider"
206-->[:firebase_messaging] AndroidManifest.xml:45:13-88
207            android:exported="false"
207-->[:firebase_messaging] AndroidManifest.xml:46:13-37
208            android:initOrder="99" />
208-->[:firebase_messaging] AndroidManifest.xml:47:13-35
209
210        <service
210-->[:geolocator_android] AndroidManifest.xml:10:9-14:56
211            android:name="com.baseflow.geolocator.GeolocatorLocationService"
211-->[:geolocator_android] AndroidManifest.xml:11:13-77
212            android:enabled="true"
212-->[:geolocator_android] AndroidManifest.xml:12:13-35
213            android:exported="false"
213-->[:geolocator_android] AndroidManifest.xml:13:13-37
214            android:foregroundServiceType="location" />
214-->[:geolocator_android] AndroidManifest.xml:14:13-53
215
216        <provider
216-->[:image_picker_android] AndroidManifest.xml:10:9-18:20
217            android:name="io.flutter.plugins.imagepicker.ImagePickerFileProvider"
217-->[:image_picker_android] AndroidManifest.xml:11:13-82
218            android:authorities="com.teletype.truckchat.flutter.image_provider"
218-->[:image_picker_android] AndroidManifest.xml:12:13-74
219            android:exported="false"
219-->[:image_picker_android] AndroidManifest.xml:13:13-37
220            android:grantUriPermissions="true" >
220-->[:image_picker_android] AndroidManifest.xml:14:13-47
221            <meta-data
221-->[:image_picker_android] AndroidManifest.xml:15:13-17:75
222                android:name="android.support.FILE_PROVIDER_PATHS"
222-->[:image_picker_android] AndroidManifest.xml:16:17-67
223                android:resource="@xml/flutter_image_picker_file_paths" />
223-->[:image_picker_android] AndroidManifest.xml:17:17-72
224        </provider>
225
226        <receiver
226-->[:flutter_local_notifications] AndroidManifest.xml:16:9-18:40
227            android:name="com.dexterous.flutterlocalnotifications.ActionBroadcastReceiver"
227-->[:flutter_local_notifications] AndroidManifest.xml:17:13-91
228            android:exported="false" />
228-->[:flutter_local_notifications] AndroidManifest.xml:18:13-37
229        <receiver
229-->[:flutter_local_notifications] AndroidManifest.xml:19:9-21:40
230            android:name="com.dexterous.flutterlocalnotifications.ScheduledNotificationReceiver"
230-->[:flutter_local_notifications] AndroidManifest.xml:20:13-97
231            android:exported="false" />
231-->[:flutter_local_notifications] AndroidManifest.xml:21:13-37
232        <receiver
232-->[:flutter_local_notifications] AndroidManifest.xml:22:9-31:20
233            android:name="com.dexterous.flutterlocalnotifications.ScheduledNotificationBootReceiver"
233-->[:flutter_local_notifications] AndroidManifest.xml:23:13-101
234            android:exported="false" >
234-->[:flutter_local_notifications] AndroidManifest.xml:24:13-37
235            <intent-filter>
235-->[:flutter_local_notifications] AndroidManifest.xml:25:13-30:29
236                <action android:name="android.intent.action.BOOT_COMPLETED" />
236-->[:flutter_local_notifications] AndroidManifest.xml:26:17-79
236-->[:flutter_local_notifications] AndroidManifest.xml:26:25-76
237                <action android:name="android.intent.action.MY_PACKAGE_REPLACED" />
237-->[:flutter_local_notifications] AndroidManifest.xml:27:17-84
237-->[:flutter_local_notifications] AndroidManifest.xml:27:25-81
238                <action android:name="android.intent.action.QUICKBOOT_POWERON" />
238-->[:flutter_local_notifications] AndroidManifest.xml:28:17-82
238-->[:flutter_local_notifications] AndroidManifest.xml:28:25-79
239                <action android:name="com.htc.intent.action.QUICKBOOT_POWERON" />
239-->[:flutter_local_notifications] AndroidManifest.xml:29:17-82
239-->[:flutter_local_notifications] AndroidManifest.xml:29:25-79
240            </intent-filter>
241        </receiver>
242
243        <activity
243-->[:url_launcher_android] AndroidManifest.xml:10:9-13:74
244            android:name="io.flutter.plugins.urllauncher.WebViewActivity"
244-->[:url_launcher_android] AndroidManifest.xml:11:13-74
245            android:exported="false"
245-->[:url_launcher_android] AndroidManifest.xml:12:13-37
246            android:theme="@android:style/Theme.NoTitleBar.Fullscreen" />
246-->[:url_launcher_android] AndroidManifest.xml:13:13-71
247
248        <meta-data
248-->[:google_mobile_ads] AndroidManifest.xml:12:9-14:36
249            android:name="io.flutter.embedded_views_preview"
249-->[:google_mobile_ads] AndroidManifest.xml:13:13-61
250            android:value="true" />
250-->[:google_mobile_ads] AndroidManifest.xml:14:13-33
251
252        <activity
252-->[com.google.firebase:firebase-auth:22.1.1] AndroidManifest.xml:29:9-46:20
253            android:name="com.google.firebase.auth.internal.GenericIdpActivity"
253-->[com.google.firebase:firebase-auth:22.1.1] AndroidManifest.xml:30:13-80
254            android:excludeFromRecents="true"
254-->[com.google.firebase:firebase-auth:22.1.1] AndroidManifest.xml:31:13-46
255            android:exported="true"
255-->[com.google.firebase:firebase-auth:22.1.1] AndroidManifest.xml:32:13-36
256            android:launchMode="singleTask"
256-->[com.google.firebase:firebase-auth:22.1.1] AndroidManifest.xml:33:13-44
257            android:theme="@android:style/Theme.Translucent.NoTitleBar" >
257-->[com.google.firebase:firebase-auth:22.1.1] AndroidManifest.xml:34:13-72
258            <intent-filter>
258-->[com.google.firebase:firebase-auth:22.1.1] AndroidManifest.xml:35:13-45:29
259                <action android:name="android.intent.action.VIEW" />
259-->[com.google.firebase:firebase-auth:22.1.1] AndroidManifest.xml:36:17-69
259-->[com.google.firebase:firebase-auth:22.1.1] AndroidManifest.xml:36:25-66
260
261                <category android:name="android.intent.category.DEFAULT" />
261-->src/main/AndroidManifest.xml:44:17-76
261-->src/main/AndroidManifest.xml:44:27-73
262                <category android:name="android.intent.category.BROWSABLE" />
262-->[com.google.firebase:firebase-auth:22.1.1] AndroidManifest.xml:39:17-78
262-->[com.google.firebase:firebase-auth:22.1.1] AndroidManifest.xml:39:27-75
263
264                <data
264-->[com.google.firebase:firebase-auth:22.1.1] AndroidManifest.xml:41:17-44:51
265                    android:host="firebase.auth"
265-->[com.google.firebase:firebase-auth:22.1.1] AndroidManifest.xml:42:21-49
266                    android:path="/"
266-->[com.google.firebase:firebase-auth:22.1.1] AndroidManifest.xml:43:21-37
267                    android:scheme="genericidp" />
267-->[com.google.firebase:firebase-auth:22.1.1] AndroidManifest.xml:44:21-48
268            </intent-filter>
269        </activity>
270        <activity
270-->[com.google.firebase:firebase-auth:22.1.1] AndroidManifest.xml:47:9-64:20
271            android:name="com.google.firebase.auth.internal.RecaptchaActivity"
271-->[com.google.firebase:firebase-auth:22.1.1] AndroidManifest.xml:48:13-79
272            android:excludeFromRecents="true"
272-->[com.google.firebase:firebase-auth:22.1.1] AndroidManifest.xml:49:13-46
273            android:exported="true"
273-->[com.google.firebase:firebase-auth:22.1.1] AndroidManifest.xml:50:13-36
274            android:launchMode="singleTask"
274-->[com.google.firebase:firebase-auth:22.1.1] AndroidManifest.xml:51:13-44
275            android:theme="@android:style/Theme.Translucent.NoTitleBar" >
275-->[com.google.firebase:firebase-auth:22.1.1] AndroidManifest.xml:52:13-72
276            <intent-filter>
276-->[com.google.firebase:firebase-auth:22.1.1] AndroidManifest.xml:53:13-63:29
277                <action android:name="android.intent.action.VIEW" />
277-->[com.google.firebase:firebase-auth:22.1.1] AndroidManifest.xml:36:17-69
277-->[com.google.firebase:firebase-auth:22.1.1] AndroidManifest.xml:36:25-66
278
279                <category android:name="android.intent.category.DEFAULT" />
279-->src/main/AndroidManifest.xml:44:17-76
279-->src/main/AndroidManifest.xml:44:27-73
280                <category android:name="android.intent.category.BROWSABLE" />
280-->[com.google.firebase:firebase-auth:22.1.1] AndroidManifest.xml:39:17-78
280-->[com.google.firebase:firebase-auth:22.1.1] AndroidManifest.xml:39:27-75
281